********************************************************************************
Product   : Virtuoso(R) XStream Out
Program   : @(#)$CDS: strmout version 6.1.8-64b 03/06/2019 02:39 (ip-172-18-22-55) $
          : sub-version  IC6.1.8-64b.500.2 
Started at: 09-Oct-2021  17:04:34
User Name : vamuppav
Host Name : iccad3.uwaterloo.ca
Directory : /home/vamuppav/Documents/ECE637
CADENCE Design Systems, Inc.
********************************************************************************
Info: Cellview Rev Num:99,  Tech Rev Num:59

WARNING (XSTRM-20): Output Stream file '/home/vamuppav/Documents/ECE637/NOR_pro637/temp/NOR.gds' already exists. It will be overwritten.
INFO (XSTRM-217): Reading the layer map file, /CMC/kits/GPDK45/gpdk045_v_6_0/gpdk045/gpdk045.layermap
INFO (XSTRM-162): You have not used the viaMap option. If the OpenAccess design has native oaVia instances, use the -viaMap option for preserving oaVia instances in a Stream Out - Stream In round trip. Using the -viaMap option improves performance and VM usage of applications using the Streamed-In design.  For details on the viaMap option, refer to the "Design Data Translator's Reference" guide for XStream.

Summary of Options :
library                                 NOR_pro637
strmFile                                /home/vamuppav/Documents/ECE637/NOR_pro637/temp/NOR.gds
topCell                                 NOR
view                                    layout
runDir                                  /home/vamuppav/Documents/ECE637/NOR_pro637/temp
logFile                                 /home/vamuppav/Documents/ECE637/NOR_pro637/temp/PIPO1.LOG
techLib                                 gpdk045
hierDepth                               32
maxVertices                             2048
layerMap                                /CMC/kits/GPDK45/gpdk045_v_6_0/gpdk045/gpdk045.layermap
userSkillFile                           /home/vamuppav/Documents/ECE637/NOR_pro637/temp/strmout.il
labelDepth                              32
case                                    Preserve
convertDot                              node
convertPin                              geometryAndText

INFO (XSTRM-223): 1. Translating cellView gpdk045/M1_PO/layout as STRUCTURE M1_PO_CDNS_1.
INFO (XSTRM-223): 2. Translating cellView gpdk045/nmos1v/layout as STRUCTURE nmos1v_CDNS_2.
INFO (XSTRM-223): 3. Translating cellView gpdk045/pmos1v/layout as STRUCTURE pmos1v_CDNS_3.
INFO (XSTRM-223): 4. Translating cellView gpdk045/pmos1v/layout as STRUCTURE pmos1v_CDNS_4.
INFO (XSTRM-223): 5. Translating cellView gpdk045/nmos1v/layout as STRUCTURE nmos1v_CDNS_5.
INFO (XSTRM-223): 6. Translating cellView NOR_pro637/NOR/layout as STRUCTURE NOR.
INFO (XSTRM-180): You have not used the objectMap option. The design has instance(s) of at least one of following OpenAccess objects: oaBlockage, oaBoundary, oaRow, and oaMarker. Any information about these objects will not be translated into the generated stream file. Use the objectMap option to translate/preserve these objects using XStream. For details on the objectMap option, refer to the "Design Data Translator's Reference" guide for XStream.

Summary of Objects Translated:
	Scalar Instances:                       4
	Array Instances:                        0
	Polygons:                               0
	Paths:                                  0
	Rectangles:                             81
	Lines:                                  0
	Arcs:                                   0
	Donuts:                                 0
	Dots:                                   0
	Ellipses:                               0
	Boundaries:                             0
	Area Blockages:                         0
	Layer Blockages:                        0
	Area Halos:                             0
	Markers:                                0
	Rows:                                   0
	Standard Vias                           2
	Custom Vias:                            0
	CdsGen Vias:                            0
	Pathsegs:                               14
	Text:                                   0
	TextDisplay:                            0
	Cells:                                  6

Elapsed Time: 0.8s   User Time: 0.3s   CPU Time: 0.1s   Peak VM: 6036KB
INFO (XSTRM-234): Translation completed. '0' error(s) and '1' warning(s) found.
